,number,value,datetime_start,datetime_complete,duration,params_colsample_bytree,params_learning_rate,params_max_depth,params_n_estimators,params_subsample,state
0,0,0.9896662866368267,2026-06-25 19:47:54.921506,2026-06-25 19:47:56.663183,0 days 00:00:01.741677,0.8803622823539634,0.003815981501270839,9,259,0.5845509818070946,COMPLETE
1,1,0.9891009013892426,2026-06-25 19:47:56.663701,2026-06-25 19:47:57.630748,0 days 00:00:00.967047,0.8401875240120528,0.020489948286543967,4,194,0.6940617475240001,COMPLETE
2,2,0.9989351897567559,2026-06-25 19:47:57.631229,2026-06-25 19:47:58.736019,0 days 00:00:01.104790,0.8182624500490012,0.12958990146147548,5,196,0.5200052053409505,COMPLETE
3,3,0.906933690774751,2026-06-25 19:47:58.736539,2026-06-25 19:47:59.930734,0 days 00:00:01.194195,0.6920855172148321,0.002647101655560605,3,292,0.8682983516775968,COMPLETE
4,4,0.9951805344783221,2026-06-25 19:47:59.931152,2026-06-25 19:48:00.515405,0 days 00:00:00.584253,0.7348257732020949,0.004451568780598834,9,53,0.637614167096132,COMPLETE
5,5,0.9989351897567559,2026-06-25 19:48:00.515848,2026-06-25 19:48:01.213855,0 days 00:00:00.698007,0.8606580010547626,0.27029281946298866,4,119,0.5289105053235112,COMPLETE
6,6,0.8705126004584696,2026-06-25 19:48:01.214294,2026-06-25 19:48:01.685384,0 days 00:00:00.471090,0.9488376330240011,0.005722557618794978,3,51,0.6687507436630147,COMPLETE
7,7,1.0,2026-06-25 19:48:01.685854,2026-06-25 19:48:02.670651,0 days 00:00:00.984797,0.6751734542230283,0.0695494036744425,4,208,0.9083697601490259,COMPLETE
8,8,0.9940468937345533,2026-06-25 19:48:02.671111,2026-06-25 19:48:04.092059,0 days 00:00:01.420948,0.9192214967921871,0.0039931303403611465,10,197,0.9505523381196174,COMPLETE
9,9,0.992974706591243,2026-06-25 19:48:04.092617,2026-06-25 19:48:05.216207,0 days 00:00:01.123590,0.9618076404198348,0.025415806923469595,3,256,0.5031342322163885,COMPLETE
10,10,0.9989351897567559,2026-06-25 19:48:05.216726,2026-06-25 19:48:06.086048,0 days 00:00:00.869322,0.524757547229338,0.0512087168703763,7,134,0.837352885990242,COMPLETE
11,11,1.0,2026-06-25 19:48:06.086456,2026-06-25 19:48:07.180966,0 days 00:00:01.094510,0.6926318968558527,0.1499623042260604,6,193,0.7761381286305674,COMPLETE
12,12,1.0,2026-06-25 19:48:07.181392,2026-06-25 19:48:08.237050,0 days 00:00:01.055658,0.6256697301165085,0.09411918268564418,6,156,0.7643171903471783,COMPLETE
13,13,0.9989351897567559,2026-06-25 19:48:08.237477,2026-06-25 19:48:10.037639,0 days 00:00:01.800162,0.6026131953311552,0.24349784913098743,7,234,0.9868696347122686,COMPLETE
14,14,0.9989351897567559,2026-06-25 19:48:10.038102,2026-06-25 19:48:11.440770,0 days 00:00:01.402668,0.7689595607822741,0.04100612160561011,6,166,0.8615016268225553,COMPLETE
15,15,0.9642764474737049,2026-06-25 19:48:11.441215,2026-06-25 19:48:12.651488,0 days 00:00:01.210273,0.670758385352068,0.0011245333095148092,5,224,0.7823607360771235,COMPLETE
16,16,0.9994694220636775,2026-06-25 19:48:12.651922,2026-06-25 19:48:13.327993,0 days 00:00:00.676071,0.5373806281029387,0.10586934232894066,7,85,0.9236489567059023,COMPLETE
17,17,0.9802381261067742,2026-06-25 19:48:13.328515,2026-06-25 19:48:14.335682,0 days 00:00:01.007167,0.7653556586505272,0.013347607360468866,5,167,0.758776314009415,COMPLETE
18,18,1.0,2026-06-25 19:48:14.336106,2026-06-25 19:48:15.487877,0 days 00:00:01.151771,0.6012120058741797,0.0520118602286404,6,220,0.8144831122546731,COMPLETE
19,19,1.0,2026-06-25 19:48:15.488352,2026-06-25 19:48:16.761607,0 days 00:00:01.273255,0.6781122047718137,0.16179475106101304,4,293,0.912857633535908,COMPLETE
20,20,0.9994694220636775,2026-06-25 19:48:16.762098,2026-06-25 19:48:17.693469,0 days 00:00:00.931371,0.7232916857037638,0.07344868975301541,8,128,0.7303992205444597,COMPLETE
21,21,1.0,2026-06-25 19:48:17.693910,2026-06-25 19:48:18.655083,0 days 00:00:00.961173,0.6252073431454309,0.09531245562522934,6,169,0.7350752630686348,COMPLETE
22,22,1.0,2026-06-25 19:48:18.655515,2026-06-25 19:48:19.580976,0 days 00:00:00.925461,0.6396954727901276,0.1830174416938049,6,151,0.8044809663319019,COMPLETE
23,23,0.9989351897567559,2026-06-25 19:48:19.581379,2026-06-25 19:48:20.262779,0 days 00:00:00.681400,0.5588923186993267,0.07668830249909431,5,106,0.9019940548827735,COMPLETE
24,24,0.9989351897567559,2026-06-25 19:48:20.263197,2026-06-25 19:48:21.459049,0 days 00:00:01.195852,0.5738054638271215,0.029735487871610275,8,188,0.6240841192628488,COMPLETE
25,25,0.9841779634959945,2026-06-25 19:48:21.459476,2026-06-25 19:48:22.455586,0 days 00:00:00.996110,0.6512724435159176,0.01606201337649477,4,211,0.9956809098049542,COMPLETE
26,26,1.0,2026-06-25 19:48:22.456015,2026-06-25 19:48:23.942356,0 days 00:00:01.486341,0.7867688566799417,0.16484482760688546,7,249,0.7029301452431487,COMPLETE
27,27,0.9924330112915282,2026-06-25 19:48:23.942773,2026-06-25 19:48:25.648135,0 days 00:00:01.705362,0.705100669552149,0.009563794898817191,8,148,0.7763251092892941,COMPLETE
28,28,1.0,2026-06-25 19:48:25.648989,2026-06-25 19:48:27.221041,0 days 00:00:01.572052,0.7318926126780088,0.06360059262886902,5,176,0.8711275917331939,COMPLETE
29,29,0.9989351897567559,2026-06-25 19:48:27.221503,2026-06-25 19:48:28.467383,0 days 00:00:01.245880,0.5050157838518358,0.0407574146903958,6,240,0.5798844931007776,COMPLETE
30,30,0.9989351897567559,2026-06-25 19:48:28.467870,2026-06-25 19:48:30.134621,0 days 00:00:01.666751,0.602046301540485,0.11185168487730428,9,272,0.9574616167597444,COMPLETE
31,31,1.0,2026-06-25 19:48:30.135099,2026-06-25 19:48:31.263046,0 days 00:00:01.127947,0.6055522697816645,0.04091380508273628,6,214,0.8167943964719083,COMPLETE
32,32,1.0,2026-06-25 19:48:31.263463,2026-06-25 19:48:32.386910,0 days 00:00:01.123447,0.6568401587071063,0.05891991514242749,6,208,0.8196795732737803,COMPLETE
33,33,0.9989351897567559,2026-06-25 19:48:32.387371,2026-06-25 19:48:33.266065,0 days 00:00:00.878694,0.5610166548007488,0.09217643010905395,4,183,0.7382447962938052,COMPLETE
34,34,1.0,2026-06-25 19:48:33.266528,2026-06-25 19:48:34.416911,0 days 00:00:01.150383,0.6302369073531153,0.15080966498948986,5,225,0.8423014779053293,COMPLETE
35,35,0.9994694220636775,2026-06-25 19:48:34.417404,2026-06-25 19:48:36.166962,0 days 00:00:01.749558,0.7026014515067254,0.21358575847864894,7,276,0.6953011676206775,COMPLETE
36,36,0.9924330112915282,2026-06-25 19:48:36.167445,2026-06-25 19:48:37.147063,0 days 00:00:00.979618,0.8195821019246211,0.023634246314434598,5,156,0.7921890811090992,COMPLETE
37,37,0.9994694220636775,2026-06-25 19:48:37.147520,2026-06-25 19:48:38.133488,0 days 00:00:00.985968,0.5852953160851936,0.2931325937214074,4,197,0.8758398720251356,COMPLETE
38,38,1.0,2026-06-25 19:48:38.133960,2026-06-25 19:48:39.026536,0 days 00:00:00.892576,0.680620483330102,0.12776518179594748,3,205,0.7591542407293767,COMPLETE
39,39,0.9989351897567559,2026-06-25 19:48:39.027019,2026-06-25 19:48:40.244386,0 days 00:00:01.217367,0.6171857161241522,0.031153565133323416,6,230,0.6442545534749953,COMPLETE
40,40,0.9989351897567559,2026-06-25 19:48:40.244969,2026-06-25 19:48:41.190489,0 days 00:00:00.945520,0.7487676129007212,0.04990245857656445,10,102,0.8935778470413744,COMPLETE
41,41,1.0,2026-06-25 19:48:41.190952,2026-06-25 19:48:42.545255,0 days 00:00:01.354303,0.6799053727855323,0.14261700866922133,4,296,0.9289488333205901,COMPLETE
42,42,1.0,2026-06-25 19:48:42.545785,2026-06-25 19:48:43.622087,0 days 00:00:01.076302,0.70980187741531,0.0765400163884526,3,270,0.8452908825415967,COMPLETE
43,43,1.0,2026-06-25 19:48:43.622548,2026-06-25 19:48:44.447791,0 days 00:00:00.825243,0.9930366985085152,0.17563697476329276,4,141,0.9574836053380716,COMPLETE
44,44,0.9989351897567559,2026-06-25 19:48:44.448301,2026-06-25 19:48:46.028877,0 days 00:00:01.580576,0.6563981034658984,0.21668225437359967,5,286,0.9006019892825905,COMPLETE
45,45,1.0,2026-06-25 19:48:46.029387,2026-06-25 19:48:48.307090,0 days 00:00:02.277703,0.6825869568618304,0.09301233369662272,7,257,0.9342701156036596,COMPLETE
46,46,0.9989351897567559,2026-06-25 19:48:48.307535,2026-06-25 19:48:49.156902,0 days 00:00:00.849367,0.5888865972406181,0.11959784151677538,3,182,0.7596856825508981,COMPLETE
47,47,1.0,2026-06-25 19:48:49.157301,2026-06-25 19:48:50.257005,0 days 00:00:01.099704,0.7883268143356745,0.05808794996721129,6,199,0.7169733860499493,COMPLETE
48,48,1.0,2026-06-25 19:48:50.257430,2026-06-25 19:48:51.429840,0 days 00:00:01.172410,0.6646488841994762,0.04682325234041378,5,243,0.6725717942061427,COMPLETE
49,49,0.9469800768225202,2026-06-25 19:48:51.430268,2026-06-25 19:48:52.468707,0 days 00:00:01.038439,0.6396016381600083,0.0014888521485099014,4,219,0.825216635607006,COMPLETE
50,50,0.9984009404101173,2026-06-25 19:48:52.469133,2026-06-25 19:48:53.474464,0 days 00:00:01.005331,0.5425095594459433,0.03476737476068591,7,163,0.7954097336766011,COMPLETE
51,51,1.0,2026-06-25 19:48:53.474924,2026-06-25 19:48:54.459985,0 days 00:00:00.985061,0.6230098991889335,0.0857611268347348,6,173,0.7354517178247203,COMPLETE
52,52,1.0,2026-06-25 19:48:54.460509,2026-06-25 19:48:55.526824,0 days 00:00:01.066315,0.6354376276865856,0.09766888773423765,6,190,0.7743033486292465,COMPLETE
53,53,1.0,2026-06-25 19:48:55.527345,2026-06-25 19:48:56.327861,0 days 00:00:00.800516,0.7183230453755357,0.1256193249216181,5,127,0.9725354958182478,COMPLETE
54,54,0.9989351897567559,2026-06-25 19:48:56.328323,2026-06-25 19:48:57.293300,0 days 00:00:00.964977,0.8782784343808892,0.06676502536953079,6,159,0.6810567095544493,COMPLETE
55,55,0.9994694220636775,2026-06-25 19:48:57.293737,2026-06-25 19:48:58.415687,0 days 00:00:01.121950,0.6880135230863758,0.20467013331773326,7,172,0.8533003012990908,COMPLETE
56,56,0.9989351897567559,2026-06-25 19:48:58.416156,2026-06-25 19:48:59.507647,0 days 00:00:01.091491,0.6081424179401946,0.2707639874221822,8,141,0.7143419452637321,COMPLETE
57,57,1.0,2026-06-25 19:48:59.508107,2026-06-25 19:49:00.706180,0 days 00:00:01.198073,0.5805395362807741,0.15219094488856216,5,180,0.7460444121397746,COMPLETE
58,58,1.0,2026-06-25 19:49:00.706604,2026-06-25 19:49:01.865498,0 days 00:00:01.158894,0.6534731431820071,0.10787288560443226,6,116,0.9149974718466682,COMPLETE
59,59,1.0,2026-06-25 19:49:01.865978,2026-06-25 19:49:03.484276,0 days 00:00:01.618298,0.6969905893631646,0.07810353257980711,7,204,0.8867937301922166,COMPLETE
60,60,0.9935126443879148,2026-06-25 19:49:03.484840,2026-06-25 19:49:04.241251,0 days 00:00:00.756411,0.7450804636316828,0.054097901167473,3,152,0.8100770860510146,COMPLETE
61,61,1.0,2026-06-25 19:49:04.241733,2026-06-25 19:49:05.242991,0 days 00:00:01.001258,0.6422430363147507,0.18444049473748994,6,167,0.7850448539170328,COMPLETE
62,62,1.0,2026-06-25 19:49:05.243511,2026-06-25 19:49:06.445078,0 days 00:00:01.201567,0.6654810441814134,0.24080937863066923,6,193,0.8022552045891138,COMPLETE
63,63,1.0,2026-06-25 19:49:06.445558,2026-06-25 19:49:07.026550,0 days 00:00:00.580992,0.562372908159884,0.1665999630340035,5,72,0.767634724612579,COMPLETE
64,64,1.0,2026-06-25 19:49:07.027080,2026-06-25 19:49:08.006701,0 days 00:00:00.979621,0.6218427264976802,0.1296677604177373,7,147,0.7492153580407741,COMPLETE
65,65,1.0,2026-06-25 19:49:08.007224,2026-06-25 19:49:08.845089,0 days 00:00:00.837865,0.5971615250927038,0.10582987779936924,6,134,0.8314645802934275,COMPLETE
66,66,1.0,2026-06-25 19:49:08.845532,2026-06-25 19:49:09.874861,0 days 00:00:01.029329,0.6456890359621986,0.06535444767996919,6,187,0.8620067480601139,COMPLETE
67,67,1.0,2026-06-25 19:49:09.875286,2026-06-25 19:49:11.052827,0 days 00:00:01.177541,0.7265484984334678,0.08759894360123224,5,219,0.71815487056073,COMPLETE
68,68,1.0,2026-06-25 19:49:11.053290,2026-06-25 19:49:12.253497,0 days 00:00:01.200207,0.6757224940581698,0.19133589754905272,4,238,0.8059606782548129,COMPLETE
69,69,0.9984009404101173,2026-06-25 19:49:12.253982,2026-06-25 19:49:13.118195,0 days 00:00:00.864213,0.626169987168624,0.04486968416920362,5,157,0.8789113702232945,COMPLETE
70,70,0.9994694220636775,2026-06-25 19:49:13.118927,2026-06-25 19:49:14.715592,0 days 00:00:01.596665,0.6087857298891298,0.03612711174563659,8,284,0.9111924040996094,COMPLETE
71,71,0.9994694220636775,2026-06-25 19:49:14.716023,2026-06-25 19:49:16.214435,0 days 00:00:01.498412,0.7640994003244489,0.15434531711819008,9,225,0.6885938912452282,COMPLETE
72,72,1.0,2026-06-25 19:49:16.214877,2026-06-25 19:49:17.685364,0 days 00:00:01.470487,0.9187607217656268,0.1391428243515886,7,246,0.7009773053628444,COMPLETE
73,73,0.9978630026134454,2026-06-25 19:49:17.685809,2026-06-25 19:49:19.190556,0 days 00:00:01.504747,0.702867521481471,0.24910766188380762,7,264,0.619502441993601,COMPLETE
74,74,0.9830066983712854,2026-06-25 19:49:19.191029,2026-06-25 19:49:20.382604,0 days 00:00:01.191575,0.8212864268543577,0.007768673206246393,6,210,0.9388727738390708,COMPLETE
75,75,0.9994694220636775,2026-06-25 19:49:20.383087,2026-06-25 19:49:21.823839,0 days 00:00:01.440752,0.7812268612218937,0.11690287955184624,8,233,0.7276915062470164,COMPLETE
76,76,1.0,2026-06-25 19:49:21.824275,2026-06-25 19:49:23.091097,0 days 00:00:01.266822,0.8523759296396077,0.297716356484324,6,201,0.7056739468296653,COMPLETE
77,77,1.0,2026-06-25 19:49:23.091560,2026-06-25 19:49:25.273477,0 days 00:00:02.181917,0.6634779644024045,0.07826146663022088,7,216,0.7774566924914301,COMPLETE
78,78,1.0,2026-06-25 19:49:25.273904,2026-06-25 19:49:33.050530,0 days 00:00:07.776626,0.7993147942230647,0.2121862911329121,6,300,0.6628334504896303,COMPLETE
79,79,1.0,2026-06-25 19:49:33.050988,2026-06-25 19:49:38.718431,0 days 00:00:05.667443,0.5725562541980808,0.17737217066294753,4,170,0.7493243903850679,COMPLETE
80,80,0.9918875055614157,2026-06-25 19:49:38.718855,2026-06-25 19:49:41.826085,0 days 00:00:03.107230,0.5485256458937182,0.016212890748266585,5,255,0.7894180230742324,COMPLETE
81,81,1.0,2026-06-25 19:49:41.826512,2026-06-25 19:49:43.682748,0 days 00:00:01.856236,0.735856522191664,0.1005169500686154,5,249,0.8405847863033444,COMPLETE
82,82,1.0,2026-06-25 19:49:43.683195,2026-06-25 19:49:44.653038,0 days 00:00:00.969843,0.7139137086366928,0.06713246461740366,4,195,0.8569717384793845,COMPLETE
83,83,1.0,2026-06-25 19:49:44.653542,2026-06-25 19:49:45.677457,0 days 00:00:01.023915,0.6975108308230339,0.057166350783063355,6,178,0.8761482285124609,COMPLETE
84,84,1.0,2026-06-25 19:49:45.677949,2026-06-25 19:49:46.617158,0 days 00:00:00.939209,0.6735029802964837,0.08448553400504615,5,176,0.950634474452622,COMPLETE
85,85,1.0,2026-06-25 19:49:46.617645,2026-06-25 19:49:47.535267,0 days 00:00:00.917622,0.7517899333618713,0.13666682142117023,4,185,0.7641532078871628,COMPLETE
86,86,1.0,2026-06-25 19:49:47.535694,2026-06-25 19:49:48.607540,0 days 00:00:01.071846,0.6333032263501097,0.16350276037430905,6,163,0.8144432099812665,COMPLETE
87,87,0.9994694220636775,2026-06-25 19:49:48.608027,2026-06-25 19:49:49.540206,0 days 00:00:00.932179,0.595583717268051,0.06535284094610398,7,147,0.9097491776935379,COMPLETE
88,88,1.0,2026-06-25 19:49:49.540729,2026-06-25 19:49:50.869127,0 days 00:00:01.328398,0.6887047720396943,0.11667214277332835,5,279,0.9720861271859528,COMPLETE
89,89,0.9989351897567559,2026-06-25 19:49:50.869554,2026-06-25 19:49:51.791595,0 days 00:00:00.922041,0.7266078364257491,0.047755018351168056,6,138,0.8240118898946321,COMPLETE
90,90,0.9769533872975433,2026-06-25 19:49:51.792077,2026-06-25 19:49:52.544065,0 days 00:00:00.751988,0.613344443295618,0.0264647068706391,3,151,0.7967128529872318,COMPLETE
91,91,0.9989351897567559,2026-06-25 19:49:52.544633,2026-06-25 19:49:54.178373,0 days 00:00:01.633740,0.6461274945812842,0.03581236935594839,6,213,0.8948563454933564,COMPLETE
92,92,1.0,2026-06-25 19:49:54.178863,2026-06-25 19:49:59.572564,0 days 00:00:05.393701,0.6556018057166901,0.0415386544502911,6,225,0.8355805645166863,COMPLETE
93,93,0.9841174898258129,2026-06-25 19:49:59.573082,2026-06-25 19:50:01.442285,0 days 00:00:01.869203,0.5790399354634842,0.0032494776621130434,6,203,0.732946801664574,COMPLETE
94,94,1.0,2026-06-25 19:50:01.442813,2026-06-25 19:50:02.882763,0 days 00:00:01.439950,0.6166594772999544,0.07185177694044849,7,230,0.8488533033733922,COMPLETE
95,95,1.0,2026-06-25 19:50:02.883227,2026-06-25 19:50:03.960195,0 days 00:00:01.076968,0.5115930148605969,0.05232104712887566,6,192,0.8687053746145466,COMPLETE
96,96,0.9989351897567559,2026-06-25 19:50:03.960795,2026-06-25 19:50:05.350812,0 days 00:00:01.390017,0.6356131038057934,0.06073917708715241,5,209,0.553359603730647,COMPLETE
97,97,1.0,2026-06-25 19:50:05.351260,2026-06-25 19:50:07.192200,0 days 00:00:01.840940,0.8072004969370363,0.09410558724189877,5,265,0.81405572789924,COMPLETE
98,98,1.0,2026-06-25 19:50:07.192783,2026-06-25 19:50:08.372501,0 days 00:00:01.179718,0.5949501502409326,0.22584486923772631,4,174,0.7733605566690338,COMPLETE
99,99,0.9957222822503526,2026-06-25 19:50:08.372949,2026-06-25 19:50:09.476861,0 days 00:00:01.103912,0.671819607419358,0.021636724154447888,7,162,0.9217639445389291,COMPLETE
